2019-02-04 15:15:36,495 0      [       Worker-4] WARN  re.templates.TemplateProcessor  - May have failed to replace token 		//window.ide 'dummy'. Replaced/injected later by STS browser integration.
2019-02-04 15:15:36,536 41     [       Worker-4] WARN  re.templates.TemplateProcessor  - May have failed to replace token 		//The dummy helps preview/test the page in an external browser.
2019-02-11 22:14:50,413 278946390 [           main] ERROR .DownloadSourcesActionDelegate  - Could not schedule source download
Java Model Exception: Java Model Status [bin [in Practice] is not on its project's build path]
	at org.eclipse.jdt.internal.core.JavaElement.newJavaModelException(JavaElement.java:570)
	at org.eclipse.jdt.internal.core.Openable.generateInfos(Openable.java:247)
	at org.eclipse.jdt.internal.core.JavaElement.openWhenClosed(JavaElement.java:583)
	at org.eclipse.jdt.internal.core.JavaElement.getElementInfo(JavaElement.java:320)
	at org.eclipse.jdt.internal.core.JavaElement.getElementInfo(JavaElement.java:306)
	at org.eclipse.jdt.internal.core.PackageFragmentRoot.getKind(PackageFragmentRoot.java:499)
	at org.eclipse.jdt.internal.core.PackageFragmentRoot.getSourceAttachmentPath(PackageFragmentRoot.java:616)
	at org.eclipse.m2e.jdt.ui.internal.DownloadSourcesActionDelegate.setActiveEditor(DownloadSourcesActionDelegate.java:51)
	at org.eclipse.ui.internal.EditorPluginAction.editorChanged(EditorPluginAction.java:71)
	at org.eclipse.ui.internal.EditorActionBuilder$EditorContribution.editorChanged(EditorActionBuilder.java:80)
	at org.eclipse.ui.internal.EditorActionBuilder$ExternalContributor.setActiveEditor(EditorActionBuilder.java:129)
	at org.eclipse.ui.internal.EditorActionBars.partChanged(EditorActionBars.java:344)
	at org.eclipse.ui.internal.WorkbenchPage.updateActivations(WorkbenchPage.java:311)
	at org.eclipse.ui.internal.WorkbenchPage.access$18(WorkbenchPage.java:293)
	at org.eclipse.ui.internal.WorkbenchPage$E4PartListener.partActivated(WorkbenchPage.java:211)
	at org.eclipse.e4.ui.internal.workbench.PartServiceImpl$3.run(PartServiceImpl.java:250)
	at org.eclipse.core.runtime.SafeRunner.run(SafeRunner.java:42)
	at org.eclipse.e4.ui.internal.workbench.PartServiceImpl.firePartActivated(PartServiceImpl.java:247)
	at org.eclipse.e4.ui.internal.workbench.PartServiceImpl.activate(PartServiceImpl.java:756)
	at org.eclipse.e4.ui.internal.workbench.PartServiceImpl.activate(PartServiceImpl.java:681)
	at org.eclipse.e4.ui.internal.workbench.PartServiceImpl.activate(PartServiceImpl.java:676)
	at org.eclipse.ui.internal.WorkbenchPage.busyOpenEditor(WorkbenchPage.java:3269)
	at org.eclipse.ui.internal.WorkbenchPage.access$25(WorkbenchPage.java:3176)
	at org.eclipse.ui.internal.WorkbenchPage$10.run(WorkbenchPage.java:3158)
	at org.eclipse.swt.custom.BusyIndicator.showWhile(BusyIndicator.java:70)
	at org.eclipse.ui.internal.WorkbenchPage.openEditor(WorkbenchPage.java:3153)
	at org.eclipse.ui.internal.WorkbenchPage.openEditor(WorkbenchPage.java:3117)
	at org.eclipse.ui.internal.WorkbenchPage.openEditor(WorkbenchPage.java:3107)
	at org.eclipse.ui.ide.IDE.openEditor(IDE.java:563)
	at org.eclipse.ui.ide.IDE.openEditor(IDE.java:518)
	at org.eclipse.ui.actions.OpenFileAction.openFile(OpenFileAction.java:100)
	at org.eclipse.ui.actions.OpenSystemEditorAction.run(OpenSystemEditorAction.java:97)
	at org.eclipse.ui.views.navigator.OpenActionGroup.runDefaultAction(OpenActionGroup.java:137)
	at org.eclipse.ui.views.navigator.MainActionGroup.runDefaultAction(MainActionGroup.java:325)
	at org.eclipse.ui.views.navigator.ResourceNavigator.handleOpen(ResourceNavigator.java:766)
	at org.eclipse.ui.views.navigator.ResourceNavigator$2.open(ResourceNavigator.java:477)
	at org.eclipse.ui.OpenAndLinkWithEditorHelper$InternalListener.open(OpenAndLinkWithEditorHelper.java:46)
	at org.eclipse.jface.viewers.StructuredViewer$2.run(StructuredViewer.java:851)
	at org.eclipse.core.runtime.SafeRunner.run(SafeRunner.java:42)
	at org.eclipse.ui.internal.JFaceUtil.lambda$0(JFaceUtil.java:44)
	at org.eclipse.jface.util.SafeRunnable.run(SafeRunnable.java:173)
	at org.eclipse.jface.viewers.StructuredViewer.fireOpen(StructuredViewer.java:848)
	at org.eclipse.jface.viewers.StructuredViewer.handleOpen(StructuredViewer.java:1163)
	at org.eclipse.jface.util.OpenStrategy.fireOpenEvent(OpenStrategy.java:273)
	at org.eclipse.jface.util.OpenStrategy.access$2(OpenStrategy.java:268)
	at org.eclipse.jface.util.OpenStrategy$1.handleEvent(OpenStrategy.java:308)
	at org.eclipse.swt.widgets.EventTable.sendEvent(EventTable.java:86)
	at org.eclipse.swt.widgets.Display.sendEvent(Display.java:4428)
	at org.eclipse.swt.widgets.Widget.sendEvent(Widget.java:1079)
	at org.eclipse.swt.widgets.Display.runDeferredEvents(Display.java:4238)
	at org.eclipse.swt.widgets.Display.readAndDispatch(Display.java:3817)
	at org.eclipse.e4.ui.internal.workbench.swt.PartRenderingEngine$5.run(PartRenderingEngine.java:1150)
	at org.eclipse.core.databinding.observable.Realm.runWithDefault(Realm.java:336)
	at org.eclipse.e4.ui.internal.workbench.swt.PartRenderingEngine.run(PartRenderingEngine.java:1039)
	at org.eclipse.e4.ui.internal.workbench.E4Workbench.createAndRunUI(E4Workbench.java:153)
	at org.eclipse.ui.internal.Workbench.lambda$3(Workbench.java:680)
	at org.eclipse.core.databinding.observable.Realm.runWithDefault(Realm.java:336)
	at org.eclipse.ui.internal.Workbench.createAndRunWorkbench(Workbench.java:594)
	at org.eclipse.ui.PlatformUI.createAndRunWorkbench(PlatformUI.java:148)
	at org.eclipse.ui.internal.ide.application.IDEApplication.start(IDEApplication.java:151)
	at org.eclipse.equinox.internal.app.EclipseAppHandle.run(EclipseAppHandle.java:196)
	at org.eclipse.core.runtime.internal.adaptor.EclipseAppLauncher.runApplication(EclipseAppLauncher.java:134)
	at org.eclipse.core.runtime.internal.adaptor.EclipseAppLauncher.start(EclipseAppLauncher.java:104)
	at org.eclipse.core.runtime.adaptor.EclipseStarter.run(EclipseStarter.java:388)
	at org.eclipse.core.runtime.adaptor.EclipseStarter.run(EclipseStarter.java:243)
	at sun.reflect.NativeMethodAccessorImpl.invoke0(Native Method)
	at sun.reflect.NativeMethodAccessorImpl.invoke(Unknown Source)
	at sun.reflect.DelegatingMethodAccessorImpl.invoke(Unknown Source)
	at java.lang.reflect.Method.invoke(Unknown Source)
	at org.eclipse.equinox.launcher.Main.invokeFramework(Main.java:653)
	at org.eclipse.equinox.launcher.Main.basicRun(Main.java:590)
	at org.eclipse.equinox.launcher.Main.run(Main.java:1499)
2019-02-13 15:27:21,016 74403  [      Worker-14] WARN  re.templates.TemplateProcessor  - May have failed to replace token 		//window.ide 'dummy'. Replaced/injected later by STS browser integration.
2019-02-13 15:27:21,036 74423  [      Worker-14] WARN  re.templates.TemplateProcessor  - May have failed to replace token 		//The dummy helps preview/test the page in an external browser.
